
Circuit 1 cell sky130_fd_pr__nfet_01v8 and Circuit 2 cell sky130_fd_pr__nfet_01v8 are black boxes.
Equate elements:  no current cell.
Device classes sky130_fd_pr__nfet_01v8 and sky130_fd_pr__nfet_01v8 are equivalent.

Circuit 1 cell sky130_fd_pr__pfet_01v8 and Circuit 2 cell sky130_fd_pr__pfet_01v8 are black boxes.
Equate elements:  no current cell.
Device classes sky130_fd_pr__pfet_01v8 and sky130_fd_pr__pfet_01v8 are equivalent.

Subcircuit summary:
Circuit 1: opamp.spice                     |Circuit 2: schem_opamp.spice               
-------------------------------------------|-------------------------------------------
sky130_fd_pr__nfet_01v8 (10)               |sky130_fd_pr__nfet_01v8 (10)               
sky130_fd_pr__pfet_01v8 (10)               |sky130_fd_pr__pfet_01v8 (10)               
Number of devices: 20                      |Number of devices: 20                      
Number of nets: 17 **Mismatch**            |Number of nets: 16 **Mismatch**            
---------------------------------------------------------------------------------------
NET mismatches: Class fragments follow (with fanout counts):
Circuit 1: opamp.spice                     |Circuit 2: schem_opamp.spice               

---------------------------------------------------------------------------------------
Net: OUT3                                  |Net: OUT3                                  
  sky130_fd_pr__nfet_01v8/1 = 1            |  sky130_fd_pr__nfet_01v8/1 = 1            
  sky130_fd_pr__nfet_01v8/2 = 1            |  sky130_fd_pr__nfet_01v8/2 = 1            
  sky130_fd_pr__pfet_01v8/1 = 1            |  sky130_fd_pr__pfet_01v8/1 = 1            
  sky130_fd_pr__pfet_01v8/2 = 1            |  sky130_fd_pr__pfet_01v8/2 = 1            
                                           |                                           
Net: a_152_n67#                            |Net: net2                                  
  sky130_fd_pr__nfet_01v8/3 = 1            |  sky130_fd_pr__pfet_01v8/2 = 2            
  sky130_fd_pr__pfet_01v8/2 = 2            |  sky130_fd_pr__pfet_01v8/1 = 1            
  sky130_fd_pr__pfet_01v8/3 = 1            |  sky130_fd_pr__nfet_01v8/1 = 1            
                                           |                                           
Net: a_2548_325#                           |Net: net9                                  
  sky130_fd_pr__nfet_01v8/2 = 1            |  sky130_fd_pr__nfet_01v8/1 = 1            
  sky130_fd_pr__nfet_01v8/1 = 1            |  sky130_fd_pr__nfet_01v8/2 = 2            
  sky130_fd_pr__pfet_01v8/3 = 1            |  sky130_fd_pr__pfet_01v8/1 = 1            
                                           |                                           
Net: VB2                                   |Net: VB2                                   
  sky130_fd_pr__nfet_01v8/2 = 3            |  sky130_fd_pr__nfet_01v8/2 = 3            
                                           |                                           
Net: li_604_n904#                          |Net: net8                                  
  sky130_fd_pr__nfet_01v8/1 = 1            |  sky130_fd_pr__nfet_01v8/1 = 1            
  sky130_fd_pr__nfet_01v8/3 = 1            |  sky130_fd_pr__pfet_01v8/1 = 1            
  sky130_fd_pr__pfet_01v8/3 = 1            |  sky130_fd_pr__nfet_01v8/2 = 1            
                                           |                                           
Net: PLUS                                  |Net: PLUS                                  
  sky130_fd_pr__nfet_01v8/2 = 1            |  sky130_fd_pr__nfet_01v8/2 = 1            
  sky130_fd_pr__pfet_01v8/2 = 1            |  sky130_fd_pr__pfet_01v8/2 = 1            
                                           |                                           
Net: GND                                   |Net: GND                                   
  sky130_fd_pr__pfet_01v8/2 = 3            |  sky130_fd_pr__pfet_01v8/2 = 3            
  sky130_fd_pr__nfet_01v8/3 = 3            |  sky130_fd_pr__nfet_01v8/3 = 6            
  sky130_fd_pr__nfet_01v8/4 = 10           |  sky130_fd_pr__nfet_01v8/4 = 6            
  sky130_fd_pr__nfet_01v8/1 = 3            |                                           
                                           |                                           
Net: VDD                                   |Net: VDD                                   
  sky130_fd_pr__pfet_01v8/3 = 4            |  sky130_fd_pr__pfet_01v8/3 = 6            
  sky130_fd_pr__pfet_01v8/4 = 10           |  sky130_fd_pr__pfet_01v8/4 = 6            
  sky130_fd_pr__pfet_01v8/1 = 2            |                                           
                                           |                                           
Net: m1_1144_n474#                         |(no matching net)                          
  sky130_fd_pr__nfet_01v8/1 = 1            |                                           
  sky130_fd_pr__nfet_01v8/3 = 2            |                                           
                                           |                                           
Net: m1_950_1257#                          |(no matching net)                          
  sky130_fd_pr__pfet_01v8/1 = 2            |                                           
  sky130_fd_pr__pfet_01v8/3 = 1            |                                           
                                           |                                           
Net: li_1394_1142#                         |(no matching net)                          
  sky130_fd_pr__nfet_01v8/3 = 1            |                                           
  sky130_fd_pr__nfet_01v8/1 = 1            |                                           
  sky130_fd_pr__pfet_01v8/1 = 1            |                                           
                                           |                                           
Net: a_1746_n822#                          |(no matching net)                          
  sky130_fd_pr__nfet_01v8/2 = 2            |                                           
                                           |                                           
Net: m1_1670_n852#                         |(no matching net)                          
  sky130_fd_pr__nfet_01v8/3 = 1            |                                           
  sky130_fd_pr__pfet_01v8/1 = 1            |                                           
                                           |                                           
Net: m1_1412_n44#                          |(no matching net)                          
  sky130_fd_pr__pfet_01v8/1 = 2            |                                           
  sky130_fd_pr__nfet_01v8/1 = 1            |                                           
                                           |                                           
Net: m1_875_n364#                          |(no matching net)                          
  sky130_fd_pr__pfet_01v8/3 = 2            |                                           
  sky130_fd_pr__nfet_01v8/3 = 1            |                                           
---------------------------------------------------------------------------------------

---------------------------------------------------------------------------------------
Net: a_2496_435#                           |Net: net3                                  
  sky130_fd_pr__nfet_01v8/1 = 1            |  sky130_fd_pr__nfet_01v8/1 = 1            
  sky130_fd_pr__pfet_01v8/2 = 1            |  sky130_fd_pr__pfet_01v8/2 = 1            
  sky130_fd_pr__pfet_01v8/1 = 1            |  sky130_fd_pr__pfet_01v8/1 = 1            
---------------------------------------------------------------------------------------

---------------------------------------------------------------------------------------
(no matching net)                          |Net: net4                                  
                                           |  sky130_fd_pr__pfet_01v8/1 = 1            
                                           |  sky130_fd_pr__nfet_01v8/3 = 1            
                                           |  sky130_fd_pr__nfet_01v8/4 = 1            
                                           |  sky130_fd_pr__nfet_01v8/1 = 1            
                                           |                                           
(no matching net)                          |Net: net5                                  
                                           |  sky130_fd_pr__pfet_01v8/1 = 1            
                                           |  sky130_fd_pr__nfet_01v8/3 = 1            
                                           |  sky130_fd_pr__nfet_01v8/4 = 1            
                                           |  sky130_fd_pr__nfet_01v8/1 = 1            
---------------------------------------------------------------------------------------

---------------------------------------------------------------------------------------
Net: VB1                                   |Net: VB1                                   
  sky130_fd_pr__nfet_01v8/2 = 2            |  sky130_fd_pr__nfet_01v8/2 = 2            
  sky130_fd_pr__pfet_01v8/2 = 2            |  sky130_fd_pr__pfet_01v8/2 = 2            
---------------------------------------------------------------------------------------

---------------------------------------------------------------------------------------
(no matching net)                          |Net: net10                                 
                                           |  sky130_fd_pr__nfet_01v8/1 = 1            
                                           |  sky130_fd_pr__nfet_01v8/3 = 2            
                                           |  sky130_fd_pr__nfet_01v8/4 = 2            
                                           |                                           
(no matching net)                          |Net: net1                                  
                                           |  sky130_fd_pr__pfet_01v8/1 = 1            
                                           |  sky130_fd_pr__pfet_01v8/3 = 2            
                                           |  sky130_fd_pr__pfet_01v8/4 = 2            
---------------------------------------------------------------------------------------
DEVICE mismatches: Class fragments follow (with node fanout counts):
Circuit 1: opamp.spice                     |Circuit 2: schem_opamp.spice               

---------------------------------------------------------------------------------------
Instance: sky130_fd_pr__pfet_01v8:19       |Instance: sky130_fd_pr__pfet_01v8:M20      
  1 = 3                                    |  1 = 4                                    
  2 = 2                                    |  2 = 4                                    
  3 = 3                                    |  3 = 12                                   
  4 = 16                                   |  4 = 12                                   
                                           |                                           
Instance: sky130_fd_pr__pfet_01v8:18       |Instance: sky130_fd_pr__pfet_01v8:M10      
  1 = 3                                    |  1 = 5                                    
  2 = 4                                    |  2 = 15                                   
  3 = 3                                    |  3 = 12                                   
  4 = 16                                   |  4 = 12                                   
                                           |                                           
Instance: sky130_fd_pr__pfet_01v8:17       |(no matching instance)                     
  1 = 3                                    |                                           
  2 = 19                                   |                                           
  3 = 16                                   |                                           
  4 = 16                                   |                                           
                                           |                                           
Instance: sky130_fd_pr__pfet_01v8:16       |(no matching instance)                     
  1 = 16                                   |                                           
  2 = 19                                   |                                           
  3 = 3                                    |                                           
  4 = 16                                   |                                           
                                           |                                           
Instance: sky130_fd_pr__pfet_01v8:14       |(no matching instance)                     
  1 = 16                                   |                                           
  2 = 4                                    |                                           
  3 = 4                                    |                                           
  4 = 16                                   |                                           
                                           |                                           
Instance: sky130_fd_pr__pfet_01v8:12       |(no matching instance)                     
  1 = 3                                    |                                           
  2 = 19                                   |                                           
  3 = 16                                   |                                           
  4 = 16                                   |                                           
---------------------------------------------------------------------------------------

---------------------------------------------------------------------------------------
Instance: sky130_fd_pr__nfet_01v8:15       |Instance: sky130_fd_pr__nfet_01v8:M35      
  1 = 19                                   |  1 = 4                                    
  2 = 3                                    |  2 = 3                                    
  3 = 3                                    |  3 = 15                                   
  4 = 19                                   |  4 = 15                                   
                                           |                                           
Instance: sky130_fd_pr__nfet_01v8:10       |Instance: sky130_fd_pr__nfet_01v8:M28      
  1 = 3                                    |  1 = 3                                    
  2 = 2                                    |  2 = 4                                    
  3 = 3                                    |  3 = 15                                   
  4 = 19                                   |  4 = 15                                   
                                           |                                           
Instance: sky130_fd_pr__nfet_01v8:9        |Instance: sky130_fd_pr__nfet_01v8:M27      
  1 = 3                                    |  1 = 4                                    
  2 = 4                                    |  2 = 4                                    
  3 = 3                                    |  3 = 15                                   
  4 = 19                                   |  4 = 15                                   
                                           |                                           
Instance: sky130_fd_pr__nfet_01v8:7        |Instance: sky130_fd_pr__nfet_01v8:M22      
  1 = 19                                   |  1 = 3                                    
  2 = 3                                    |  2 = 4                                    
  3 = 3                                    |  3 = 4                                    
  4 = 19                                   |  4 = 4                                    
                                           |                                           
Instance: sky130_fd_pr__nfet_01v8:6        |Instance: sky130_fd_pr__nfet_01v8:M21      
  1 = 3                                    |  1 = 4                                    
  2 = 3                                    |  2 = 4                                    
  3 = 19                                   |  3 = 4                                    
  4 = 19                                   |  4 = 4                                    
                                           |                                           
Instance: sky130_fd_pr__nfet_01v8:4        |Instance: sky130_fd_pr__nfet_01v8:M31      
  1 = 19                                   |  1 = 5                                    
  2 = 2                                    |  2 = 3                                    
  3 = 2                                    |  3 = 15                                   
  4 = 19                                   |  4 = 15                                   
                                           |                                           
Instance: sky130_fd_pr__nfet_01v8:3        |(no matching instance)                     
  1 = 3                                    |                                           
  2 = 2                                    |                                           
  3 = 19                                   |                                           
  4 = 19                                   |                                           
                                           |                                           
Instance: sky130_fd_pr__nfet_01v8:0        |(no matching instance)                     
  1 = 4                                    |                                           
  2 = 3                                    |                                           
  3 = 19                                   |                                           
  4 = 19                                   |                                           
                                           |                                           
Instance: sky130_fd_pr__nfet_01v8:2        |(no matching instance)                     
  1 = 3                                    |                                           
  2 = 4                                    |                                           
  3 = 4                                    |                                           
  4 = 19                                   |                                           
                                           |                                           
Instance: sky130_fd_pr__nfet_01v8:1        |(no matching instance)                     
  1 = 3                                    |                                           
  2 = 4                                    |                                           
  3 = 3                                    |                                           
  4 = 19                                   |                                           
---------------------------------------------------------------------------------------
Netlists do not match.
Cells have no pins;  pin matching not needed.
Device classes opamp.spice and schem_opamp.spice are equivalent.

Final result: Netlists do not match.
